<?xml version="1.0" encoding="UTF-8"?>
<!-- Generated by org.testng.reporters.JUnitReportReporter -->
<testsuite hostname="INDSNOIHVWCG32" name="org.selenium.TestCases.TC003_DevOpsSeleniumTest" tests="1" failures="0" timestamp="16 Feb 2018 11:20:19 GMT" time="30.111" errors="0">
  <testcase name="tc003_SeleniumTest" time="30.111" classname="org.selenium.TestCases.TC003_DevOpsSeleniumTest"/>
</testsuite> <!-- org.selenium.TestCases.TC003_DevOpsSeleniumTest -->
