<?xml version="1.0" encoding="UTF-8"?>
<!-- Generated by org.testng.reporters.JUnitReportReporter -->
<testsuite hostname="INDSNOIHVWCG32" name="org.selenium.TestCases.TC003_DevOpsSeleniumTest" tests="1" failures="0" timestamp="16 Feb 2018 09:23:02 GMT" time="38.510" errors="0">
  <testcase name="tc003_SeleniumTest" time="38.510" classname="org.selenium.TestCases.TC003_DevOpsSeleniumTest"/>
</testsuite> <!-- org.selenium.TestCases.TC003_DevOpsSeleniumTest -->
